FE/app/build/intermediates/manifest_merge_blame_file/debug/processDebugMainManifest/manifest-merger-blame-debug-report.txt
1<?xml version="1.0" encoding="utf-8"?>
2<manifest xmlns:android="http://schemas.android.com/apk/res/android"
3    package="com.boancurator.app"
4    android:versionCode="1"
5    android:versionName="1.0.0" >
6
7    <uses-sdk
8        android:minSdkVersion="26"
9        android:targetSdkVersion="35" />
10
11    <uses-permission android:name="android.permission.INTERNET" />
11-->src\main\AndroidManifest.xml:4:5-67
11-->src\main\AndroidManifest.xml:4:22-64
12
13    <permission
13-->[androidx.core:core:1.15.0] AndroidManifest.xml:22:5-24:47
14        android:name="com.boancurator.app.DYNAMIC_RECEIVER_NOT_EXPORTED_PERMISSION"
14-->[androidx.core:core:1.15.0] AndroidManifest.xml:23:9-81
15        android:protectionLevel="signature" />
15-->[androidx.core:core:1.15.0] AndroidManifest.xml:24:9-44
16
17    <uses-permission android:name="com.boancurator.app.DYNAMIC_RECEIVER_NOT_EXPORTED_PERMISSION" />
17-->[androidx.core:core:1.15.0] AndroidManifest.xml:26:5-97
17-->[androidx.core:core:1.15.0] AndroidManifest.xml:26:22-94
18
19    <application
19-->src\main\AndroidManifest.xml:6:5-23:19
20        android:name="com.boancurator.app.BoanCuratorApp"
20-->src\main\AndroidManifest.xml:7:9-39
21        android:allowBackup="true"
21-->src\main\AndroidManifest.xml:8:9-35
22        android:appComponentFactory="androidx.core.app.CoreComponentFactory"
22-->[androidx.core:core:1.15.0] AndroidManifest.xml:28:18-86
23        android:debuggable="true"
24        android:extractNativeLibs="false"
25        android:icon="@mipmap/ic_launcher"
25-->src\main\AndroidManifest.xml:9:9-43
26        android:label="@string/app_name"
26-->src\main\AndroidManifest.xml:10:9-41
27        android:supportsRtl="true"
27-->src\main\AndroidManifest.xml:11:9-35
28        android:theme="@style/Theme.BoanCurator" >
28-->src\main\AndroidManifest.xml:12:9-49
29        <activity
29-->src\main\AndroidManifest.xml:14:9-22:20
30            android:name="com.boancurator.app.MainActivity"
30-->src\main\AndroidManifest.xml:15:13-41
31            android:exported="true"
31-->src\main\AndroidManifest.xml:16:13-36
32            android:theme="@style/Theme.BoanCurator" >
32-->src\main\AndroidManifest.xml:17:13-53
33            <intent-filter>
33-->src\main\AndroidManifest.xml:18:13-21:29
34                <action android:name="android.intent.action.MAIN" />
34-->src\main\AndroidManifest.xml:19:17-69
34-->src\main\AndroidManifest.xml:19:25-66
35
36                <category android:name="android.intent.category.LAUNCHER" />
36-->src\main\AndroidManifest.xml:20:17-77
36-->src\main\AndroidManifest.xml:20:27-74
37            </intent-filter>
38        </activity>
39
40        <service
40-->[androidx.credentials:credentials-play-services-auth:1.3.0] AndroidManifest.xml:24:9-32:19
41            android:name="androidx.credentials.playservices.CredentialProviderMetadataHolder"
41-->[androidx.credentials:credentials-play-services-auth:1.3.0] AndroidManifest.xml:25:13-94
42            android:enabled="true"
42-->[androidx.credentials:credentials-play-services-auth:1.3.0] AndroidManifest.xml:26:13-35
43            android:exported="false" >
43-->[androidx.credentials:credentials-play-services-auth:1.3.0] AndroidManifest.xml:27:13-37
44            <meta-data
44-->[androidx.credentials:credentials-play-services-auth:1.3.0] AndroidManifest.xml:29:13-31:104
45                android:name="androidx.credentials.CREDENTIAL_PROVIDER_KEY"
45-->[androidx.credentials:credentials-play-services-auth:1.3.0] AndroidManifest.xml:30:17-76
46                android:value="androidx.credentials.playservices.CredentialProviderPlayServicesImpl" />
46-->[androidx.credentials:credentials-play-services-auth:1.3.0] AndroidManifest.xml:31:17-101
47        </service>
48
49        <activity
49-->[androidx.credentials:credentials-play-services-auth:1.3.0] AndroidManifest.xml:34:9-41:20
50            android:name="androidx.credentials.playservices.HiddenActivity"
50-->[androidx.credentials:credentials-play-services-auth:1.3.0] AndroidManifest.xml:35:13-76
51            android:configChanges="orientation|screenSize|screenLayout|keyboardHidden"
51-->[androidx.credentials:credentials-play-services-auth:1.3.0] AndroidManifest.xml:36:13-87
52            android:enabled="true"
52-->[androidx.credentials:credentials-play-services-auth:1.3.0] AndroidManifest.xml:37:13-35
53            android:exported="false"
53-->[androidx.credentials:credentials-play-services-auth:1.3.0] AndroidManifest.xml:38:13-37
54            android:fitsSystemWindows="true"
54-->[androidx.credentials:credentials-play-services-auth:1.3.0] AndroidManifest.xml:39:13-45
55            android:theme="@style/Theme.Hidden" >
55-->[androidx.credentials:credentials-play-services-auth:1.3.0] AndroidManifest.xml:40:13-48
56        </activity>
57        <activity
57-->[com.google.android.gms:play-services-auth:21.1.1] AndroidManifest.xml:23:9-27:75
58            android:name="com.google.android.gms.auth.api.signin.internal.SignInHubActivity"
58-->[com.google.android.gms:play-services-auth:21.1.1] AndroidManifest.xml:24:13-93
59            android:excludeFromRecents="true"
59-->[com.google.android.gms:play-services-auth:21.1.1] AndroidManifest.xml:25:13-46
60            android:exported="false"
60-->[com.google.android.gms:play-services-auth:21.1.1] AndroidManifest.xml:26:13-37
61            android:theme="@android:style/Theme.Translucent.NoTitleBar" />
61-->[com.google.android.gms:play-services-auth:21.1.1] AndroidManifest.xml:27:13-72
62        <!--
63            Service handling Google Sign-In user revocation. For apps that do not integrate with
64            Google Sign-In, this service will never be started.
65        -->
66        <service
66-->[com.google.android.gms:play-services-auth:21.1.1] AndroidManifest.xml:33:9-37:51
67            android:name="com.google.android.gms.auth.api.signin.RevocationBoundService"
67-->[com.google.android.gms:play-services-auth:21.1.1] AndroidManifest.xml:34:13-89
68            android:exported="true"
68-->[com.google.android.gms:play-services-auth:21.1.1] AndroidManifest.xml:35:13-36
69            android:permission="com.google.android.gms.auth.api.signin.permission.REVOCATION_NOTIFICATION"
69-->[com.google.android.gms:play-services-auth:21.1.1] AndroidManifest.xml:36:13-107
70            android:visibleToInstantApps="true" />
70-->[com.google.android.gms:play-services-auth:21.1.1] AndroidManifest.xml:37:13-48
71
72        <activity
72-->[com.google.android.gms:play-services-base:18.3.0] AndroidManifest.xml:20:9-22:45
73            android:name="com.google.android.gms.common.api.GoogleApiActivity"
73-->[com.google.android.gms:play-services-base:18.3.0] AndroidManifest.xml:20:19-85
74            android:exported="false"
74-->[com.google.android.gms:play-services-base:18.3.0] AndroidManifest.xml:22:19-43
75            android:theme="@android:style/Theme.Translucent.NoTitleBar" />
75-->[com.google.android.gms:play-services-base:18.3.0] AndroidManifest.xml:21:19-78
76
77        <meta-data
77-->[com.google.android.gms:play-services-basement:18.3.0] AndroidManifest.xml:21:9-23:69
78            android:name="com.google.android.gms.version"
78-->[com.google.android.gms:play-services-basement:18.3.0] AndroidManifest.xml:22:13-58
79            android:value="@integer/google_play_services_version" />
79-->[com.google.android.gms:play-services-basement:18.3.0] AndroidManifest.xml:23:13-66
80
81        <activity
81-->[androidx.compose.ui:ui-tooling-android:1.7.6] AndroidManifest.xml:23:9-25:39
82            android:name="androidx.compose.ui.tooling.PreviewActivity"
82-->[androidx.compose.ui:ui-tooling-android:1.7.6] AndroidManifest.xml:24:13-71
83            android:exported="true" />
83-->[androidx.compose.ui:ui-tooling-android:1.7.6] AndroidManifest.xml:25:13-36
84
85        <provider
85-->[androidx.emoji2:emoji2:1.3.0] AndroidManifest.xml:24:9-32:20
86            android:name="androidx.startup.InitializationProvider"
86-->[androidx.emoji2:emoji2:1.3.0] AndroidManifest.xml:25:13-67
87            android:authorities="com.boancurator.app.androidx-startup"
87-->[androidx.emoji2:emoji2:1.3.0] AndroidManifest.xml:26:13-68
88            android:exported="false" >
88-->[androidx.emoji2:emoji2:1.3.0] AndroidManifest.xml:27:13-37
89            <meta-data
89-->[androidx.emoji2:emoji2:1.3.0] AndroidManifest.xml:29:13-31:52
90                android:name="androidx.emoji2.text.EmojiCompatInitializer"
90-->[androidx.emoji2:emoji2:1.3.0] AndroidManifest.xml:30:17-75
91                android:value="androidx.startup" />
91-->[androidx.emoji2:emoji2:1.3.0] AndroidManifest.xml:31:17-49
92            <meta-data
92-->[androidx.lifecycle:lifecycle-process:2.8.7] AndroidManifest.xml:29:13-31:52
93                android:name="androidx.lifecycle.ProcessLifecycleInitializer"
93-->[androidx.lifecycle:lifecycle-process:2.8.7] AndroidManifest.xml:30:17-78
94                android:value="androidx.startup" />
94-->[androidx.lifecycle:lifecycle-process:2.8.7] AndroidManifest.xml:31:17-49
95            <meta-data
95-->[androidx.profileinstaller:profileinstaller:1.4.1] AndroidManifest.xml:29:13-31:52
96                android:name="androidx.profileinstaller.ProfileInstallerInitializer"
96-->[androidx.profileinstaller:profileinstaller:1.4.1] AndroidManifest.xml:30:17-85
97                android:value="androidx.startup" />
97-->[androidx.profileinstaller:profileinstaller:1.4.1] AndroidManifest.xml:31:17-49
98        </provider>
99
100        <receiver
100-->[androidx.profileinstaller:profileinstaller:1.4.1] AndroidManifest.xml:34:9-52:20
101            android:name="androidx.profileinstaller.ProfileInstallReceiver"
101-->[androidx.profileinstaller:profileinstaller:1.4.1] AndroidManifest.xml:35:13-76
102            android:directBootAware="false"
102-->[androidx.profileinstaller:profileinstaller:1.4.1] AndroidManifest.xml:36:13-44
103            android:enabled="true"
103-->[androidx.profileinstaller:profileinstaller:1.4.1] AndroidManifest.xml:37:13-35
104            android:exported="true"
104-->[androidx.profileinstaller:profileinstaller:1.4.1] AndroidManifest.xml:38:13-36
105            android:permission="android.permission.DUMP" >
105-->[androidx.profileinstaller:profileinstaller:1.4.1] AndroidManifest.xml:39:13-57
106            <intent-filter>
106-->[androidx.profileinstaller:profileinstaller:1.4.1] AndroidManifest.xml:40:13-42:29
107                <action android:name="androidx.profileinstaller.action.INSTALL_PROFILE" />
107-->[androidx.profileinstaller:profileinstaller:1.4.1] AndroidManifest.xml:41:17-91
107-->[androidx.profileinstaller:profileinstaller:1.4.1] AndroidManifest.xml:41:25-88
108            </intent-filter>
109            <intent-filter>
109-->[androidx.profileinstaller:profileinstaller:1.4.1] AndroidManifest.xml:43:13-45:29
110                <action android:name="androidx.profileinstaller.action.SKIP_FILE" />
110-->[androidx.profileinstaller:profileinstaller:1.4.1] AndroidManifest.xml:44:17-85
110-->[androidx.profileinstaller:profileinstaller:1.4.1] AndroidManifest.xml:44:25-82
111            </intent-filter>
112            <intent-filter>
112-->[androidx.profileinstaller:profileinstaller:1.4.1] AndroidManifest.xml:46:13-48:29
113                <action android:name="androidx.profileinstaller.action.SAVE_PROFILE" />
113-->[androidx.profileinstaller:profileinstaller:1.4.1] AndroidManifest.xml:47:17-88
113-->[androidx.profileinstaller:profileinstaller:1.4.1] AndroidManifest.xml:47:25-85
114            </intent-filter>
115            <intent-filter>
115-->[androidx.profileinstaller:profileinstaller:1.4.1] AndroidManifest.xml:49:13-51:29
116                <action android:name="androidx.profileinstaller.action.BENCHMARK_OPERATION" />
116-->[androidx.profileinstaller:profileinstaller:1.4.1] AndroidManifest.xml:50:17-95
116-->[androidx.profileinstaller:profileinstaller:1.4.1] AndroidManifest.xml:50:25-92
117            </intent-filter>
118        </receiver>
119    </application>
120
121</manifest>